Album Boss Bitch by artist Doja Cat is missing wiki summary.
Album Good Days by artist SZA is missing wiki summary.
Album Chanel by artist Frank Ocean is missing wiki summary.
Album Novacane by artist Frank Ocean is missing wiki summary.
Album In My Room by artist Frank Ocean is missing wiki summary.
Album (null) by artist Travis Scott is missing wiki summary.
Album Days Before Rodeo by artist Travis Scott is missing wiki summary.
Album Antidote by artist Travis Scott is missing wiki summary.
Album Dark Red by artist Steve Lacy is missing wiki summary.
Album C U Girl by artist Steve Lacy is missing wiki summary.
Album Some by artist Steve Lacy is missing wiki summary.
Album Patience by artist Tame Impala is missing wiki summary.
Album This Is America by artist Childish Gambino is missing wiki summary.
Album Spotify Singles by artist Harry Styles is missing wiki summary.
Album Moonlight by artist Kali Uchis is missing wiki summary.
Album HEROES & VILLAINS (Heroes Version) by artist Metro Boomin is missing wiki summary.
Album Attracted To You by artist pinkpantheress is missing wiki summary.
Album Boy's a liar by artist pinkpantheress is missing wiki summary.
Album Pain by artist pinkpantheress is missing wiki summary.
Album Another One by artist Mac DeMarco is missing wiki summary.
Album Just Wanna Rock by artist LIL UZI VERT is missing wiki summary.
Album French Exit by artist TV Girl is missing wiki summary.
Album Who Really Cares by artist TV Girl is missing wiki summary.
Album Death of a Party Girl by artist TV Girl is missing wiki summary.
Album The Night in Question: French Exit Outtakes by artist TV Girl is missing wiki summary.
Album Lonely Women by artist TV Girl is missing wiki summary.
Album Dance The Night (From Barbie The Album) by artist Dua Lipa is missing wiki summary.
Album @ MEH by artist Playboi Carti is missing wiki summary.
Album Broke Boi by artist Playboi Carti is missing wiki summary.
Album 4EVER by artist Clairo is missing wiki summary.
Album A Night At The Opera (2011 Remaster) by artist Queen is missing wiki summary.
Album The Game (2011 Remaster) by artist Queen is missing wiki summary.
Album Jazz (2011 Remaster) by artist Queen is missing wiki summary.
Album Glimpse of Us by artist Joji is missing wiki summary.
Album Sundress by artist A$AP Rocky is missing wiki summary.
Album Strawberries & Cigarettes by artist Troye Sivan is missing wiki summary.
Album Rush by artist Troye Sivan is missing wiki summary.
Album Ditto by artist NewJeans is missing wiki summary.
Album family ties (with Kendrick Lamar) by artist Baby Keem is missing wiki summary.
Album The Sound of Bad Habit by artist Baby Keem is missing wiki summary.
Album Songs About Jane: 10th Anniversary Edition by artist Maroon 5 is missing wiki summary.
Album EP I. by artist Cigarettes After Sex is missing wiki summary.
Album Affection by artist Cigarettes After Sex is missing wiki summary.
Album Hozier (Expanded Edition) by artist Hozier is missing wiki summary.
Album From Eden EP by artist Hozier is missing wiki summary.
Album Hozier (Special Edition) by artist Hozier is missing wiki summary.
Album Lost by artist Brent Faiyaz is missing wiki summary.
Album Gravity (feat. Tyler, The Creator) by artist Brent Faiyaz is missing wiki summary.
Album Dead Man Walking by artist Brent Faiyaz is missing wiki summary.
Album Stranger in the Alps (Deluxe Edition) by artist Phoebe Bridgers is missing wiki summary.
Album Spotify Singles by artist Phoebe Bridgers is missing wiki summary.
Album That Funny Feeling by artist Phoebe Bridgers is missing wiki summary.
Album Patched Up by artist beabadoobee is missing wiki summary.
Album Loveworm by artist beabadoobee is missing wiki summary.
Album Coffee by artist beabadoobee is missing wiki summary.
Album Show Me How by artist Men I Trust is missing wiki summary.
Album Untourable Album by artist Men I Trust is missing wiki summary.
Album Numb by artist Men I Trust is missing wiki summary.
Album Lauren by artist Men I Trust is missing wiki summary.
Album People Watching by artist Conan Gray is missing wiki summary.
Album Overdrive by artist Conan Gray is missing wiki summary.
Album Goodbye Yellow Brick Road (Remastered) by artist Elton John is missing wiki summary.
Album we fell in love in october / forget her by artist Girl In Red is missing wiki summary.
Album i wanna be your girlfriend by artist Girl In Red is missing wiki summary.
Album bad idea! by artist Girl In Red is missing wiki summary.
Album we fell in love in october / October Passed Me By by artist Girl In Red is missing wiki summary.
Album TRICK by artist Alex G is missing wiki summary.
Album Treehouse by artist Alex G is missing wiki summary.
Album RACE by artist Alex G is missing wiki summary.
Album House of Sugar by artist Alex G is missing wiki summary.
Album Get You - Single by artist Daniel Caesar is missing wiki summary.
Album Pilgrim's Paradise by artist Daniel Caesar is missing wiki summary.
Album Let's Skip to the Wedding by artist Eyedress is missing wiki summary.
Album Jealous by artist Eyedress is missing wiki summary.
Album Mulholland Drive by artist Eyedress is missing wiki summary.
Album Sensitive G by artist Eyedress is missing wiki summary.
Album Something About You by artist Eyedress is missing wiki summary.
Album Nothing But The Beat (Ultimate Edition) by artist David Guetta is missing wiki summary.
Album Phone Numbers by artist Dominic Fike is missing wiki summary.
Album Mona Lisa (Spider-Man: Across the Spider-Verse) by artist Dominic Fike is missing wiki summary.
Album Kyoto by artist Yung Lean is missing wiki summary.
Album seaside_demo by artist Seeb is missing wiki summary.
Album loving u is harder by artist Seeb is missing wiki summary.
Album god of the sunsets by artist Seeb is missing wiki summary.
Album f**k it, i'm the man by artist Seeb is missing wiki summary.
Album Coney Island by artist Seeb is missing wiki summary.
Album ABBA Gold by artist ABBA is missing wiki summary.
Album Sway (Chainsmokers Remix) by artist Anna of the North is missing wiki summary.
Album Sway by artist Anna of the North is missing wiki summary.
Album The Dreamer by artist Anna of the North is missing wiki summary.
Album Levels by artist Avicii is missing wiki summary.
Album Imperial Recordings Best of by artist José González is missing wiki summary.
Album Vestiges & Claws by artist José González is missing wiki summary.
Album Stay Alive (From The Secret Life Of Walter Mitty) by artist José González is missing wiki summary.
Album Låtar Som Är Sådär by artist Björn Rosenström is missing wiki summary.
Album Glove Sex Guy by artist Björn Rosenström is missing wiki summary.
Album Pop på svenska by artist Björn Rosenström is missing wiki summary.
Album Låtar som är sådär... by artist Björn Rosenström is missing wiki summary.
Album Het by artist Björn Rosenström is missing wiki summary.
Album Plowing Into the Field of Love by artist Iceage is missing wiki summary.
Album New Brigade by artist Iceage is missing wiki summary.
Album You're Nothing by artist Iceage is missing wiki summary.
Album Seek Shelter by artist Iceage is missing wiki summary.
Album Love You Like That by artist Dagny is missing wiki summary.
Album Backbeat by artist Dagny is missing wiki summary.
Album Ultraviolet EP by artist Dagny is missing wiki summary.
Album Wearing Nothing by artist Dagny is missing wiki summary.
Album Hurricane Bar by artist Mando Diao is missing wiki summary.
Album Ode To Ochrasy by artist Mando Diao is missing wiki summary.
Album Bring 'Em In by artist Mando Diao is missing wiki summary.
Album Never Seen The Light Of Day by artist Mando Diao is missing wiki summary.
Album DANCE by artist CLMD is missing wiki summary.
Album The Importance of Dancing Like an Idiot (Part 1) by artist CLMD is missing wiki summary.
Album Dust by artist CLMD is missing wiki summary.
Album Burning My Bridges by artist CLMD is missing wiki summary.
Album The Stockholm Syndrome by artist CLMD is missing wiki summary.
Album Ride With Me (feat. Kid Ink) [Brennan Heart Remix] by artist Tungevaag is missing wiki summary.
Album Peru by artist Tungevaag is missing wiki summary.
Album Knockout by artist Tungevaag is missing wiki summary.
Album Samsara (feat. Emila) by artist Tungevaag is missing wiki summary.
Album Wicked Wonderland by artist Tungevaag is missing wiki summary.
Album Don't You Worry Child by artist Swedish House Mafia is missing wiki summary.
Album One (Your Name) [feat. Pharrell] by artist Swedish House Mafia is missing wiki summary.
Album Save The World by artist Swedish House Mafia is missing wiki summary.
Album sex money feelings die (slowed version) by artist Lykke Li is missing wiki summary.
Album Can't Get You off My Mind by artist AVABEREE is missing wiki summary.
Album Lover of Mine by artist AVABEREE is missing wiki summary.
Album Running Out by artist AVABEREE is missing wiki summary.
Album In Your Arms I Found My Secrets by artist AVABEREE is missing wiki summary.
Album 100 Songs 2012: Part 3 by artist AVABEREE is missing wiki summary.
Album I Love It by artist Icona Pop is missing wiki summary.
Album Iconic EP by artist Icona Pop is missing wiki summary.
Album Emergency EP by artist Icona Pop is missing wiki summary.
Album Stay Gold by artist First Aid Kit is missing wiki summary.
Album My Silver Lining by artist First Aid Kit is missing wiki summary.
Album Kors på halsen, ti kniver i hjertet, mor og far i døden by artist KARPE is missing wiki summary.
Album Omar Sheriff by artist KARPE is missing wiki summary.
Album Heisann Montebello by artist KARPE is missing wiki summary.
Album Fire Vegger by artist KARPE is missing wiki summary.
Album SAS PLUS / SAS PUSSY (PAF VERSION) by artist KARPE is missing wiki summary.
Album It's Album Time by artist Todd Terje is missing wiki summary.
Album It's the Arps by artist Todd Terje is missing wiki summary.
Album Its The Arps by artist Todd Terje is missing wiki summary.
Album Delorean Dynamite by artist Todd Terje is missing wiki summary.
Album Spiral by artist Todd Terje is missing wiki summary.
Album 7 Years by artist Lukas Graham is missing wiki summary.
Album Love Someone by artist Lukas Graham is missing wiki summary.
Album Like I'm A Warrior by artist Emilie Nicolas is missing wiki summary.
Album Tranquille Emile by artist Emilie Nicolas is missing wiki summary.
Album Pstereo by artist Emilie Nicolas is missing wiki summary.
Album Let Her Breathe by artist Emilie Nicolas is missing wiki summary.
Album Spotify Singles by artist Emilie Nicolas is missing wiki summary.
Album UFO by artist Vigiland is missing wiki summary.
Album Shots & Squats by artist Vigiland is missing wiki summary.
Album Friday Night by artist Vigiland is missing wiki summary.
Album Be Your Friend by artist Vigiland is missing wiki summary.
Album Pong Dance by artist Vigiland is missing wiki summary.
Album Heroes (We Could Be) by artist Alesso is missing wiki summary.
Album Words (feat. Zara Larsson) by artist Alesso is missing wiki summary.
Album Going Dumb by artist Alesso is missing wiki summary.
Album Stole The Show by artist Kygo is missing wiki summary.
Album Strongest (Alan Walker Remix) by artist Ina Wroldsen is missing wiki summary.
Album Strongest by artist Ina Wroldsen is missing wiki summary.
Album Hex - EP by artist Ina Wroldsen is missing wiki summary.
Album Favela by artist Ina Wroldsen is missing wiki summary.
Album Obsessed by artist Ina Wroldsen is missing wiki summary.
Album Arigato by artist Julie Bergan is missing wiki summary.
Album Kiss Somebody by artist Julie Bergan is missing wiki summary.
Album All Hours by artist Julie Bergan is missing wiki summary.
Album Turn On The Lights by artist Julie Bergan is missing wiki summary.
Album Undressed by artist Julie Bergan is missing wiki summary.
Album This Is Alphabeat by artist Alphabeat is missing wiki summary.
Album Fascination by artist Alphabeat is missing wiki summary.
Album 10,000 Nights Of Thunder by artist Alphabeat is missing wiki summary.
Album Alphabeat by artist Alphabeat is missing wiki summary.
Album I Found U by artist Axwell is missing wiki summary.
Album Leave The World Behind by artist Axwell is missing wiki summary.
Album Feel The Vibe by artist Axwell is missing wiki summary.
Album Nobody Else by artist Axwell is missing wiki summary.
Album Center of the Universe by artist Axwell is missing wiki summary.
Album Old Thing Back (feat. Ja Rule and Ralph Tresvant) by artist Matoma is missing wiki summary.
Album Running Out by artist Matoma is missing wiki summary.
Album False Alarm by artist Matoma is missing wiki summary.
Album One in a Million by artist Matoma is missing wiki summary.
Album Party On The West Coast (feat. Snoop Dogg) by artist Matoma is missing wiki summary.
Album Everything by artist Lido is missing wiki summary.
Album I Love You by artist Lido is missing wiki summary.
Album Peder by artist Lido is missing wiki summary.
Album Spacesuit by artist Lido is missing wiki summary.
Album Not Enough (feat. THEY.) by artist Lido is missing wiki summary.
Album hey girl by artist Boy Pablo is missing wiki summary.
Album honey by artist Boy Pablo is missing wiki summary.
Album Dreams Can Come True by artist Gabrielle is missing wiki summary.
Album 5 fine frøkner by artist Gabrielle is missing wiki summary.
Album Now and Always: 20 Years of Dreaming by artist Gabrielle is missing wiki summary.
Album Under the Surface by artist Christopher is missing wiki summary.
Album Bad by artist Christopher is missing wiki summary.
Album When I Get Old by artist Christopher is missing wiki summary.
Album My Blood by artist Christopher is missing wiki summary.
Album Told You So by artist Christopher is missing wiki summary.
Album Silent Treatment by artist Highasakite is missing wiki summary.
Album Camp Echo by artist Highasakite is missing wiki summary.
Album Uranium Heart by artist Highasakite is missing wiki summary.
Album Since Last Wednesday by artist Highasakite is missing wiki summary.
Album Homeward Bound by artist Sabina Ddumba is missing wiki summary.
Album Not Too Young by artist Sabina Ddumba is missing wiki summary.
Album Effortless by artist Sabina Ddumba is missing wiki summary.
Album Scarred For Life by artist Sabina Ddumba is missing wiki summary.
Album Forgotten Ones by artist Sabina Ddumba is missing wiki summary.
Album Blood Bitch by artist Jenny Hval is missing wiki summary.
Album Innocence Is Kinky by artist Jenny Hval is missing wiki summary.
Album Apocalypse, Girl by artist Jenny Hval is missing wiki summary.
Album Spells by artist Jenny Hval is missing wiki summary.
Album Into The Woods by artist Of Monsters and Men is missing wiki summary.
Album Beneath the Skin by artist Of Monsters and Men is missing wiki summary.
Album Beneath The Skin (Deluxe) by artist Of Monsters and Men is missing wiki summary.
Album Final Song by artist MØ is missing wiki summary.
Album Kamikaze by artist MØ is missing wiki summary.
Album Nights With You by artist MØ is missing wiki summary.
Album Raw by artist Sigrid is missing wiki summary.
Album Strangers by artist Sigrid is missing wiki summary.
Album Relativity 2 by artist Lemaitre is missing wiki summary.
Album Relativity 3 by artist Lemaitre is missing wiki summary.
Album The Friendly Sound EP by artist Lemaitre is missing wiki summary.
Album Relativity 1 by artist Lemaitre is missing wiki summary.
Album Kitsuné Maison Compilation 12: The Good Fun Issue by artist Lemaitre is missing wiki summary.
Album Noen ganger og andre by artist Cezinando is missing wiki summary.
Album Et godt stup i et grunt vann by artist Cezinando is missing wiki summary.
Album Håper du har plass by artist Cezinando is missing wiki summary.
Album Barn av Europa by artist Cezinando is missing wiki summary.
Album Vi er perfekt men verden er ikke det by artist Cezinando is missing wiki summary.
Album Astrid S by artist Astrid S is missing wiki summary.
Album Leave It Beautiful (Complete) by artist Astrid S is missing wiki summary.
Album Party's Over by artist Astrid S is missing wiki summary.
Album Think Before I Talk by artist Astrid S is missing wiki summary.
Album Piano by artist Benny Andersson is missing wiki summary.
Album Mamma Mia! by artist Benny Andersson is missing wiki summary.
Album Mamma Mia by artist Benny Andersson is missing wiki summary.
Album Kristina Från Duvemåla by artist Benny Andersson is missing wiki summary.
Album Mamma Mia (1999 / Musical "Mamma Mia") by artist Benny Andersson is missing wiki summary.
Album Fallen Angel by artist TIX is missing wiki summary.
Album Sjeiken 2015 by artist TIX is missing wiki summary.
Album Dømt og Berømt by artist TIX is missing wiki summary.
Album Ut Av Mørket by artist TIX is missing wiki summary.
Album Kaller På Deg by artist TIX is missing wiki summary.
Album Lush Life by artist Zara Larsson is missing wiki summary.
Album Ruin My Life by artist Zara Larsson is missing wiki summary.
Album Never Forget You by artist Zara Larsson is missing wiki summary.
Album Boss Bitch by artist Doja Cat is missing wiki summary.
Album Good Days by artist SZA is missing wiki summary.
Album Chanel by artist Frank Ocean is missing wiki summary.
Album Novacane by artist Frank Ocean is missing wiki summary.
Album In My Room by artist Frank Ocean is missing wiki summary.
Album (null) by artist Travis Scott is missing wiki summary.
Album Days Before Rodeo by artist Travis Scott is missing wiki summary.
Album Antidote by artist Travis Scott is missing wiki summary.
Album Dark Red by artist Steve Lacy is missing wiki summary.
Album C U Girl by artist Steve Lacy is missing wiki summary.
Album Some by artist Steve Lacy is missing wiki summary.
Album Patience by artist Tame Impala is missing wiki summary.
Album This Is America by artist Childish Gambino is missing wiki summary.
Album Spotify Singles by artist Harry Styles is missing wiki summary.
Album Moonlight by artist Kali Uchis is missing wiki summary.
Album HEROES & VILLAINS (Heroes Version) by artist Metro Boomin is missing wiki summary.
Album Attracted To You by artist pinkpantheress is missing wiki summary.
Album Boy's a liar by artist pinkpantheress is missing wiki summary.
Album Pain by artist pinkpantheress is missing wiki summary.
Album Another One by artist Mac DeMarco is missing wiki summary.
Album Just Wanna Rock by artist LIL UZI VERT is missing wiki summary.
Album French Exit by artist TV Girl is missing wiki summary.
Album Who Really Cares by artist TV Girl is missing wiki summary.
Album Death of a Party Girl by artist TV Girl is missing wiki summary.
Album The Night in Question: French Exit Outtakes by artist TV Girl is missing wiki summary.
Album Lonely Women by artist TV Girl is missing wiki summary.
Album Dance The Night (From Barbie The Album) by artist Dua Lipa is missing wiki summary.
Album @ MEH by artist Playboi Carti is missing wiki summary.
Album Broke Boi by artist Playboi Carti is missing wiki summary.
Album 4EVER by artist Clairo is missing wiki summary.
Album A Night At The Opera (2011 Remaster) by artist Queen is missing wiki summary.
Album The Game (2011 Remaster) by artist Queen is missing wiki summary.
Album Jazz (2011 Remaster) by artist Queen is missing wiki summary.
Album Glimpse of Us by artist Joji is missing wiki summary.
Album Sundress by artist A$AP Rocky is missing wiki summary.
Album Strawberries & Cigarettes by artist Troye Sivan is missing wiki summary.
Album Rush by artist Troye Sivan is missing wiki summary.
Album Ditto by artist NewJeans is missing wiki summary.
Album family ties (with Kendrick Lamar) by artist Baby Keem is missing wiki summary.
Album The Sound of Bad Habit by artist Baby Keem is missing wiki summary.
Album Songs About Jane: 10th Anniversary Edition by artist Maroon 5 is missing wiki summary.
Album EP I. by artist Cigarettes After Sex is missing wiki summary.
Album Affection by artist Cigarettes After Sex is missing wiki summary.
Album Hozier (Expanded Edition) by artist Hozier is missing wiki summary.
Album From Eden EP by artist Hozier is missing wiki summary.
Album Hozier (Special Edition) by artist Hozier is missing wiki summary.
Album Lost by artist Brent Faiyaz is missing wiki summary.
Album Gravity (feat. Tyler, The Creator) by artist Brent Faiyaz is missing wiki summary.
Album Dead Man Walking by artist Brent Faiyaz is missing wiki summary.
Album Stranger in the Alps (Deluxe Edition) by artist Phoebe Bridgers is missing wiki summary.
Album Spotify Singles by artist Phoebe Bridgers is missing wiki summary.
Album That Funny Feeling by artist Phoebe Bridgers is missing wiki summary.
Album Patched Up by artist beabadoobee is missing wiki summary.
Album Loveworm by artist beabadoobee is missing wiki summary.
Album Coffee by artist beabadoobee is missing wiki summary.
Album Show Me How by artist Men I Trust is missing wiki summary.
Album Untourable Album by artist Men I Trust is missing wiki summary.
Album Numb by artist Men I Trust is missing wiki summary.
Album Lauren by artist Men I Trust is missing wiki summary.
Album People Watching by artist Conan Gray is missing wiki summary.
Album Overdrive by artist Conan Gray is missing wiki summary.
Album Goodbye Yellow Brick Road (Remastered) by artist Elton John is missing wiki summary.
Album we fell in love in october / forget her by artist Girl In Red is missing wiki summary.
Album i wanna be your girlfriend by artist Girl In Red is missing wiki summary.
Album bad idea! by artist Girl In Red is missing wiki summary.
Album we fell in love in october / October Passed Me By by artist Girl In Red is missing wiki summary.
Album TRICK by artist Alex G is missing wiki summary.
Album Treehouse by artist Alex G is missing wiki summary.
Album RACE by artist Alex G is missing wiki summary.
Album House of Sugar by artist Alex G is missing wiki summary.
Album Get You - Single by artist Daniel Caesar is missing wiki summary.
Album Pilgrim's Paradise by artist Daniel Caesar is missing wiki summary.
Album Let's Skip to the Wedding by artist Eyedress is missing wiki summary.
Album Jealous by artist Eyedress is missing wiki summary.
Album Mulholland Drive by artist Eyedress is missing wiki summary.
Album Sensitive G by artist Eyedress is missing wiki summary.
Album Something About You by artist Eyedress is missing wiki summary.
Album Nothing But The Beat (Ultimate Edition) by artist David Guetta is missing wiki summary.
Album Phone Numbers by artist Dominic Fike is missing wiki summary.
Album Mona Lisa (Spider-Man: Across the Spider-Verse) by artist Dominic Fike is missing wiki summary.
Album Kyoto by artist Yung Lean is missing wiki summary.
Album seaside_demo by artist Seeb is missing wiki summary.
Album loving u is harder by artist Seeb is missing wiki summary.
Album god of the sunsets by artist Seeb is missing wiki summary.
Album f**k it, i'm the man by artist Seeb is missing wiki summary.
Album Coney Island by artist Seeb is missing wiki summary.
Album ABBA Gold by artist ABBA is missing wiki summary.
Album Sway (Chainsmokers Remix) by artist Anna of the North is missing wiki summary.
Album Sway by artist Anna of the North is missing wiki summary.
Album The Dreamer by artist Anna of the North is missing wiki summary.
Album Levels by artist Avicii is missing wiki summary.
Album Imperial Recordings Best of by artist José González is missing wiki summary.
Album Vestiges & Claws by artist José González is missing wiki summary.
Album Stay Alive (From The Secret Life Of Walter Mitty) by artist José González is missing wiki summary.
Album Låtar Som Är Sådär by artist Björn Rosenström is missing wiki summary.
Album Glove Sex Guy by artist Björn Rosenström is missing wiki summary.
Album Pop på svenska by artist Björn Rosenström is missing wiki summary.
Album Låtar som är sådär... by artist Björn Rosenström is missing wiki summary.
Album Het by artist Björn Rosenström is missing wiki summary.
Album Plowing Into the Field of Love by artist Iceage is missing wiki summary.
Album New Brigade by artist Iceage is missing wiki summary.
Album You're Nothing by artist Iceage is missing wiki summary.
Album Seek Shelter by artist Iceage is missing wiki summary.
Album Love You Like That by artist Dagny is missing wiki summary.
Album Backbeat by artist Dagny is missing wiki summary.
Album Ultraviolet EP by artist Dagny is missing wiki summary.
Album Wearing Nothing by artist Dagny is missing wiki summary.
Album Hurricane Bar by artist Mando Diao is missing wiki summary.
Album Ode To Ochrasy by artist Mando Diao is missing wiki summary.
Album Bring 'Em In by artist Mando Diao is missing wiki summary.
Album Never Seen The Light Of Day by artist Mando Diao is missing wiki summary.
Album DANCE by artist CLMD is missing wiki summary.
Album The Importance of Dancing Like an Idiot (Part 1) by artist CLMD is missing wiki summary.
Album Dust by artist CLMD is missing wiki summary.
Album Burning My Bridges by artist CLMD is missing wiki summary.
Album The Stockholm Syndrome by artist CLMD is missing wiki summary.
Album Ride With Me (feat. Kid Ink) [Brennan Heart Remix] by artist Tungevaag is missing wiki summary.
Album Peru by artist Tungevaag is missing wiki summary.
Album Knockout by artist Tungevaag is missing wiki summary.
Album Samsara (feat. Emila) by artist Tungevaag is missing wiki summary.
Album Wicked Wonderland by artist Tungevaag is missing wiki summary.
Album Don't You Worry Child by artist Swedish House Mafia is missing wiki summary.
Album One (Your Name) [feat. Pharrell] by artist Swedish House Mafia is missing wiki summary.
Album Save The World by artist Swedish House Mafia is missing wiki summary.
Album sex money feelings die (slowed version) by artist Lykke Li is missing wiki summary.
Album Can't Get You off My Mind by artist AVABEREE is missing wiki summary.
Album Lover of Mine by artist AVABEREE is missing wiki summary.
Album Running Out by artist AVABEREE is missing wiki summary.
Album In Your Arms I Found My Secrets by artist AVABEREE is missing wiki summary.
Album 100 Songs 2012: Part 3 by artist AVABEREE is missing wiki summary.
Album I Love It by artist Icona Pop is missing wiki summary.
Album Iconic EP by artist Icona Pop is missing wiki summary.
Album Emergency EP by artist Icona Pop is missing wiki summary.
Album Stay Gold by artist First Aid Kit is missing wiki summary.
Album My Silver Lining by artist First Aid Kit is missing wiki summary.
Album Kors på halsen, ti kniver i hjertet, mor og far i døden by artist KARPE is missing wiki summary.
Album Omar Sheriff by artist KARPE is missing wiki summary.
Album Heisann Montebello by artist KARPE is missing wiki summary.
Album Fire Vegger by artist KARPE is missing wiki summary.
Album SAS PLUS / SAS PUSSY (PAF VERSION) by artist KARPE is missing wiki summary.
Album It's Album Time by artist Todd Terje is missing wiki summary.
Album It's the Arps by artist Todd Terje is missing wiki summary.
Album Its The Arps by artist Todd Terje is missing wiki summary.
Album Delorean Dynamite by artist Todd Terje is missing wiki summary.
Album Spiral by artist Todd Terje is missing wiki summary.
Album 7 Years by artist Lukas Graham is missing wiki summary.
Album Love Someone by artist Lukas Graham is missing wiki summary.
Album Like I'm A Warrior by artist Emilie Nicolas is missing wiki summary.
Album Tranquille Emile by artist Emilie Nicolas is missing wiki summary.
Album Pstereo by artist Emilie Nicolas is missing wiki summary.
Album Let Her Breathe by artist Emilie Nicolas is missing wiki summary.
Album Spotify Singles by artist Emilie Nicolas is missing wiki summary.
Album UFO by artist Vigiland is missing wiki summary.
Album Shots & Squats by artist Vigiland is missing wiki summary.
Album Friday Night by artist Vigiland is missing wiki summary.
Album Be Your Friend by artist Vigiland is missing wiki summary.
Album Pong Dance by artist Vigiland is missing wiki summary.
Album Heroes (We Could Be) by artist Alesso is missing wiki summary.
Album Words (feat. Zara Larsson) by artist Alesso is missing wiki summary.
Album Going Dumb by artist Alesso is missing wiki summary.
Album Stole The Show by artist Kygo is missing wiki summary.
Album Strongest (Alan Walker Remix) by artist Ina Wroldsen is missing wiki summary.
Album Strongest by artist Ina Wroldsen is missing wiki summary.
Album Hex - EP by artist Ina Wroldsen is missing wiki summary.
Album Favela by artist Ina Wroldsen is missing wiki summary.
Album Obsessed by artist Ina Wroldsen is missing wiki summary.
Album Arigato by artist Julie Bergan is missing wiki summary.
Album Kiss Somebody by artist Julie Bergan is missing wiki summary.
Album All Hours by artist Julie Bergan is missing wiki summary.
Album Turn On The Lights by artist Julie Bergan is missing wiki summary.
Album Undressed by artist Julie Bergan is missing wiki summary.
Album This Is Alphabeat by artist Alphabeat is missing wiki summary.
Album Fascination by artist Alphabeat is missing wiki summary.
Album 10,000 Nights Of Thunder by artist Alphabeat is missing wiki summary.
Album Alphabeat by artist Alphabeat is missing wiki summary.
Album I Found U by artist Axwell is missing wiki summary.
Album Leave The World Behind by artist Axwell is missing wiki summary.
Album Feel The Vibe by artist Axwell is missing wiki summary.
Album Nobody Else by artist Axwell is missing wiki summary.
Album Center of the Universe by artist Axwell is missing wiki summary.
Album Old Thing Back (feat. Ja Rule and Ralph Tresvant) by artist Matoma is missing wiki summary.
Album Running Out by artist Matoma is missing wiki summary.
Album False Alarm by artist Matoma is missing wiki summary.
Album One in a Million by artist Matoma is missing wiki summary.
Album Party On The West Coast (feat. Snoop Dogg) by artist Matoma is missing wiki summary.
Album Everything by artist Lido is missing wiki summary.
Album I Love You by artist Lido is missing wiki summary.
Album Peder by artist Lido is missing wiki summary.
Album Spacesuit by artist Lido is missing wiki summary.
Album Not Enough (feat. THEY.) by artist Lido is missing wiki summary.
Album hey girl by artist Boy Pablo is missing wiki summary.
Album honey by artist Boy Pablo is missing wiki summary.
Album Dreams Can Come True by artist Gabrielle is missing wiki summary.
Album 5 fine frøkner by artist Gabrielle is missing wiki summary.
Album Now and Always: 20 Years of Dreaming by artist Gabrielle is missing wiki summary.
Album Under the Surface by artist Christopher is missing wiki summary.
Album Bad by artist Christopher is missing wiki summary.
Album When I Get Old by artist Christopher is missing wiki summary.
Album My Blood by artist Christopher is missing wiki summary.
Album Told You So by artist Christopher is missing wiki summary.
Album Silent Treatment by artist Highasakite is missing wiki summary.
Album Camp Echo by artist Highasakite is missing wiki summary.
Album Uranium Heart by artist Highasakite is missing wiki summary.
Album Since Last Wednesday by artist Highasakite is missing wiki summary.
Album Homeward Bound by artist Sabina Ddumba is missing wiki summary.
Album Not Too Young by artist Sabina Ddumba is missing wiki summary.
Album Effortless by artist Sabina Ddumba is missing wiki summary.
Album Scarred For Life by artist Sabina Ddumba is missing wiki summary.
Album Forgotten Ones by artist Sabina Ddumba is missing wiki summary.
Album Blood Bitch by artist Jenny Hval is missing wiki summary.
Album Innocence Is Kinky by artist Jenny Hval is missing wiki summary.
Album Apocalypse, Girl by artist Jenny Hval is missing wiki summary.
Album Spells by artist Jenny Hval is missing wiki summary.
Album Into The Woods by artist Of Monsters and Men is missing wiki summary.
Album Beneath the Skin by artist Of Monsters and Men is missing wiki summary.
Album Beneath The Skin (Deluxe) by artist Of Monsters and Men is missing wiki summary.
Album Final Song by artist MØ is missing wiki summary.
Album Kamikaze by artist MØ is missing wiki summary.
Album Nights With You by artist MØ is missing wiki summary.
Album Raw by artist Sigrid is missing wiki summary.
Album Strangers by artist Sigrid is missing wiki summary.
Album Relativity 2 by artist Lemaitre is missing wiki summary.
Album Relativity 3 by artist Lemaitre is missing wiki summary.
Album The Friendly Sound EP by artist Lemaitre is missing wiki summary.
Album Relativity 1 by artist Lemaitre is missing wiki summary.
Album Kitsuné Maison Compilation 12: The Good Fun Issue by artist Lemaitre is missing wiki summary.
Album Noen ganger og andre by artist Cezinando is missing wiki summary.
Album Et godt stup i et grunt vann by artist Cezinando is missing wiki summary.
Album Håper du har plass by artist Cezinando is missing wiki summary.
Album Barn av Europa by artist Cezinando is missing wiki summary.
Album Vi er perfekt men verden er ikke det by artist Cezinando is missing wiki summary.
Album Astrid S by artist Astrid S is missing wiki summary.
Album Leave It Beautiful (Complete) by artist Astrid S is missing wiki summary.
Album Party's Over by artist Astrid S is missing wiki summary.
Album Think Before I Talk by artist Astrid S is missing wiki summary.
Album Piano by artist Benny Andersson is missing wiki summary.
Album Mamma Mia! by artist Benny Andersson is missing wiki summary.
Album Mamma Mia by artist Benny Andersson is missing wiki summary.
Album Kristina Från Duvemåla by artist Benny Andersson is missing wiki summary.
Album Mamma Mia (1999 / Musical "Mamma Mia") by artist Benny Andersson is missing wiki summary.
Album Fallen Angel by artist TIX is missing wiki summary.
Album Sjeiken 2015 by artist TIX is missing wiki summary.
Album Dømt og Berømt by artist TIX is missing wiki summary.
Album Ut Av Mørket by artist TIX is missing wiki summary.
Album Kaller På Deg by artist TIX is missing wiki summary.
Album Lush Life by artist Zara Larsson is missing wiki summary.
Album Ruin My Life by artist Zara Larsson is missing wiki summary.
Album Never Forget You by artist Zara Larsson is missing wiki summary.
Album Boss Bitch by artist Doja Cat is missing wiki summary.
Album Good Days by artist SZA is missing wiki summary.
Album Chanel by artist Frank Ocean is missing wiki summary.
Album Novacane by artist Frank Ocean is missing wiki summary.
Album In My Room by artist Frank Ocean is missing wiki summary.
Album (null) by artist Travis Scott is missing wiki summary.
Album Days Before Rodeo by artist Travis Scott is missing wiki summary.
Album Antidote by artist Travis Scott is missing wiki summary.
Album Dark Red by artist Steve Lacy is missing wiki summary.
Album C U Girl by artist Steve Lacy is missing wiki summary.
Album Some by artist Steve Lacy is missing wiki summary.
Album Patience by artist Tame Impala is missing wiki summary.
Album This Is America by artist Childish Gambino is missing wiki summary.
Album Spotify Singles by artist Harry Styles is missing wiki summary.
Album Moonlight by artist Kali Uchis is missing wiki summary.
Album HEROES & VILLAINS (Heroes Version) by artist Metro Boomin is missing wiki summary.
Album Attracted To You by artist pinkpantheress is missing wiki summary.
Album Boy's a liar by artist pinkpantheress is missing wiki summary.
Album Pain by artist pinkpantheress is missing wiki summary.
Album Another One by artist Mac DeMarco is missing wiki summary.
Album Just Wanna Rock by artist LIL UZI VERT is missing wiki summary.
Album French Exit by artist TV Girl is missing wiki summary.
Album Who Really Cares by artist TV Girl is missing wiki summary.
Album Death of a Party Girl by artist TV Girl is missing wiki summary.
Album The Night in Question: French Exit Outtakes by artist TV Girl is missing wiki summary.
Album Lonely Women by artist TV Girl is missing wiki summary.
Album Dance The Night (From Barbie The Album) by artist Dua Lipa is missing wiki summary.
Album @ MEH by artist Playboi Carti is missing wiki summary.
Album Broke Boi by artist Playboi Carti is missing wiki summary.
Album 4EVER by artist Clairo is missing wiki summary.
Album A Night At The Opera (2011 Remaster) by artist Queen is missing wiki summary.
Album The Game (2011 Remaster) by artist Queen is missing wiki summary.
Album Jazz (2011 Remaster) by artist Queen is missing wiki summary.
Album Glimpse of Us by artist Joji is missing wiki summary.
Album Sundress by artist A$AP Rocky is missing wiki summary.
Album Strawberries & Cigarettes by artist Troye Sivan is missing wiki summary.
Album Rush by artist Troye Sivan is missing wiki summary.
Album Ditto by artist NewJeans is missing wiki summary.
Album family ties (with Kendrick Lamar) by artist Baby Keem is missing wiki summary.
Album The Sound of Bad Habit by artist Baby Keem is missing wiki summary.
Album Songs About Jane: 10th Anniversary Edition by artist Maroon 5 is missing wiki summary.
Album EP I. by artist Cigarettes After Sex is missing wiki summary.
Album Affection by artist Cigarettes After Sex is missing wiki summary.
Album Hozier (Expanded Edition) by artist Hozier is missing wiki summary.
Album From Eden EP by artist Hozier is missing wiki summary.
Album Hozier (Special Edition) by artist Hozier is missing wiki summary.
Album Lost by artist Brent Faiyaz is missing wiki summary.
Album Gravity (feat. Tyler, The Creator) by artist Brent Faiyaz is missing wiki summary.
Album Dead Man Walking by artist Brent Faiyaz is missing wiki summary.
Album Stranger in the Alps (Deluxe Edition) by artist Phoebe Bridgers is missing wiki summary.
Album Spotify Singles by artist Phoebe Bridgers is missing wiki summary.
Album That Funny Feeling by artist Phoebe Bridgers is missing wiki summary.
Album Patched Up by artist beabadoobee is missing wiki summary.
Album Loveworm by artist beabadoobee is missing wiki summary.
Album Coffee by artist beabadoobee is missing wiki summary.
Album Show Me How by artist Men I Trust is missing wiki summary.
Album Untourable Album by artist Men I Trust is missing wiki summary.
Album Numb by artist Men I Trust is missing wiki summary.
Album Lauren by artist Men I Trust is missing wiki summary.
Album People Watching by artist Conan Gray is missing wiki summary.
Album Overdrive by artist Conan Gray is missing wiki summary.
Album Goodbye Yellow Brick Road (Remastered) by artist Elton John is missing wiki summary.
Album we fell in love in october / forget her by artist Girl In Red is missing wiki summary.
Album i wanna be your girlfriend by artist Girl In Red is missing wiki summary.
Album bad idea! by artist Girl In Red is missing wiki summary.
Album we fell in love in october / October Passed Me By by artist Girl In Red is missing wiki summary.
Album TRICK by artist Alex G is missing wiki summary.
Album Treehouse by artist Alex G is missing wiki summary.
Album RACE by artist Alex G is missing wiki summary.
Album House of Sugar by artist Alex G is missing wiki summary.
Album Get You - Single by artist Daniel Caesar is missing wiki summary.
Album Pilgrim's Paradise by artist Daniel Caesar is missing wiki summary.
Album Let's Skip to the Wedding by artist Eyedress is missing wiki summary.
Album Jealous by artist Eyedress is missing wiki summary.
Album Mulholland Drive by artist Eyedress is missing wiki summary.
Album Sensitive G by artist Eyedress is missing wiki summary.
Album Something About You by artist Eyedress is missing wiki summary.
Album Nothing But The Beat (Ultimate Edition) by artist David Guetta is missing wiki summary.
Album Phone Numbers by artist Dominic Fike is missing wiki summary.
Album Mona Lisa (Spider-Man: Across the Spider-Verse) by artist Dominic Fike is missing wiki summary.
Album Kyoto by artist Yung Lean is missing wiki summary.
Album seaside_demo by artist Seeb is missing wiki summary.
Album loving u is harder by artist Seeb is missing wiki summary.
Album god of the sunsets by artist Seeb is missing wiki summary.
Album f**k it, i'm the man by artist Seeb is missing wiki summary.
Album Coney Island by artist Seeb is missing wiki summary.
Album ABBA Gold by artist ABBA is missing wiki summary.
Album Sway (Chainsmokers Remix) by artist Anna of the North is missing wiki summary.
Album Sway by artist Anna of the North is missing wiki summary.
Album The Dreamer by artist Anna of the North is missing wiki summary.
Album Levels by artist Avicii is missing wiki summary.
Album Imperial Recordings Best of by artist José González is missing wiki summary.
Album Vestiges & Claws by artist José González is missing wiki summary.
Album Stay Alive (From The Secret Life Of Walter Mitty) by artist José González is missing wiki summary.
Album Låtar Som Är Sådär by artist Björn Rosenström is missing wiki summary.
Album Glove Sex Guy by artist Björn Rosenström is missing wiki summary.
Album Pop på svenska by artist Björn Rosenström is missing wiki summary.
Album Låtar som är sådär... by artist Björn Rosenström is missing wiki summary.
Album Het by artist Björn Rosenström is missing wiki summary.
Album Plowing Into the Field of Love by artist Iceage is missing wiki summary.
Album New Brigade by artist Iceage is missing wiki summary.
Album You're Nothing by artist Iceage is missing wiki summary.
Album Seek Shelter by artist Iceage is missing wiki summary.
Album Love You Like That by artist Dagny is missing wiki summary.
Album Backbeat by artist Dagny is missing wiki summary.
Album Ultraviolet EP by artist Dagny is missing wiki summary.
Album Wearing Nothing by artist Dagny is missing wiki summary.
Album Hurricane Bar by artist Mando Diao is missing wiki summary.
Album Ode To Ochrasy by artist Mando Diao is missing wiki summary.
Album Bring 'Em In by artist Mando Diao is missing wiki summary.
Album Never Seen The Light Of Day by artist Mando Diao is missing wiki summary.
Album DANCE by artist CLMD is missing wiki summary.
Album The Importance of Dancing Like an Idiot (Part 1) by artist CLMD is missing wiki summary.
Album Dust by artist CLMD is missing wiki summary.
Album Burning My Bridges by artist CLMD is missing wiki summary.
Album The Stockholm Syndrome by artist CLMD is missing wiki summary.
Album Ride With Me (feat. Kid Ink) [Brennan Heart Remix] by artist Tungevaag is missing wiki summary.
Album Peru by artist Tungevaag is missing wiki summary.
Album Knockout by artist Tungevaag is missing wiki summary.
Album Samsara (feat. Emila) by artist Tungevaag is missing wiki summary.
Album Wicked Wonderland by artist Tungevaag is missing wiki summary.
Album Don't You Worry Child by artist Swedish House Mafia is missing wiki summary.
Album One (Your Name) [feat. Pharrell] by artist Swedish House Mafia is missing wiki summary.
Album Save The World by artist Swedish House Mafia is missing wiki summary.
Album sex money feelings die (slowed version) by artist Lykke Li is missing wiki summary.
Album Can't Get You off My Mind by artist AVABEREE is missing wiki summary.
Album Lover of Mine by artist AVABEREE is missing wiki summary.
Album Running Out by artist AVABEREE is missing wiki summary.
Album In Your Arms I Found My Secrets by artist AVABEREE is missing wiki summary.
Album 100 Songs 2012: Part 3 by artist AVABEREE is missing wiki summary.
Album I Love It by artist Icona Pop is missing wiki summary.
Album Iconic EP by artist Icona Pop is missing wiki summary.
Album Emergency EP by artist Icona Pop is missing wiki summary.
Album Stay Gold by artist First Aid Kit is missing wiki summary.
Album My Silver Lining by artist First Aid Kit is missing wiki summary.
Album Kors på halsen, ti kniver i hjertet, mor og far i døden by artist KARPE is missing wiki summary.
Album Omar Sheriff by artist KARPE is missing wiki summary.
Album Heisann Montebello by artist KARPE is missing wiki summary.
Album Fire Vegger by artist KARPE is missing wiki summary.
Album SAS PLUS / SAS PUSSY (PAF VERSION) by artist KARPE is missing wiki summary.
Album It's Album Time by artist Todd Terje is missing wiki summary.
Album It's the Arps by artist Todd Terje is missing wiki summary.
Album Its The Arps by artist Todd Terje is missing wiki summary.
Album Delorean Dynamite by artist Todd Terje is missing wiki summary.
Album Spiral by artist Todd Terje is missing wiki summary.
Album 7 Years by artist Lukas Graham is missing wiki summary.
Album Love Someone by artist Lukas Graham is missing wiki summary.
Album Like I'm A Warrior by artist Emilie Nicolas is missing wiki summary.
Album Tranquille Emile by artist Emilie Nicolas is missing wiki summary.
Album Pstereo by artist Emilie Nicolas is missing wiki summary.
Album Let Her Breathe by artist Emilie Nicolas is missing wiki summary.
Album Spotify Singles by artist Emilie Nicolas is missing wiki summary.
Album UFO by artist Vigiland is missing wiki summary.
Album Shots & Squats by artist Vigiland is missing wiki summary.
Album Friday Night by artist Vigiland is missing wiki summary.
Album Be Your Friend by artist Vigiland is missing wiki summary.
Album Pong Dance by artist Vigiland is missing wiki summary.
Album Heroes (We Could Be) by artist Alesso is missing wiki summary.
Album Words (feat. Zara Larsson) by artist Alesso is missing wiki summary.
Album Going Dumb by artist Alesso is missing wiki summary.
Album Stole The Show by artist Kygo is missing wiki summary.
Album Strongest (Alan Walker Remix) by artist Ina Wroldsen is missing wiki summary.
Album Strongest by artist Ina Wroldsen is missing wiki summary.
Album Hex - EP by artist Ina Wroldsen is missing wiki summary.
Album Favela by artist Ina Wroldsen is missing wiki summary.
Album Obsessed by artist Ina Wroldsen is missing wiki summary.
Album Arigato by artist Julie Bergan is missing wiki summary.
Album Kiss Somebody by artist Julie Bergan is missing wiki summary.
Album All Hours by artist Julie Bergan is missing wiki summary.
Album Turn On The Lights by artist Julie Bergan is missing wiki summary.
Album Undressed by artist Julie Bergan is missing wiki summary.
Album This Is Alphabeat by artist Alphabeat is missing wiki summary.
Album Fascination by artist Alphabeat is missing wiki summary.
Album 10,000 Nights Of Thunder by artist Alphabeat is missing wiki summary.
Album Alphabeat by artist Alphabeat is missing wiki summary.
Album I Found U by artist Axwell is missing wiki summary.
Album Leave The World Behind by artist Axwell is missing wiki summary.
Album Feel The Vibe by artist Axwell is missing wiki summary.
Album Nobody Else by artist Axwell is missing wiki summary.
Album Center of the Universe by artist Axwell is missing wiki summary.
Album Old Thing Back (feat. Ja Rule and Ralph Tresvant) by artist Matoma is missing wiki summary.
Album Running Out by artist Matoma is missing wiki summary.
Album False Alarm by artist Matoma is missing wiki summary.
Album One in a Million by artist Matoma is missing wiki summary.
Album Party On The West Coast (feat. Snoop Dogg) by artist Matoma is missing wiki summary.
Album Everything by artist Lido is missing wiki summary.
Album I Love You by artist Lido is missing wiki summary.
Album Peder by artist Lido is missing wiki summary.
Album Spacesuit by artist Lido is missing wiki summary.
Album Not Enough (feat. THEY.) by artist Lido is missing wiki summary.
Album hey girl by artist Boy Pablo is missing wiki summary.
Album honey by artist Boy Pablo is missing wiki summary.
Album Dreams Can Come True by artist Gabrielle is missing wiki summary.
Album 5 fine frøkner by artist Gabrielle is missing wiki summary.
Album Now and Always: 20 Years of Dreaming by artist Gabrielle is missing wiki summary.
Album Under the Surface by artist Christopher is missing wiki summary.
Album Bad by artist Christopher is missing wiki summary.
Album When I Get Old by artist Christopher is missing wiki summary.
Album My Blood by artist Christopher is missing wiki summary.
Album Told You So by artist Christopher is missing wiki summary.
Album Silent Treatment by artist Highasakite is missing wiki summary.
Album Camp Echo by artist Highasakite is missing wiki summary.
Album Uranium Heart by artist Highasakite is missing wiki summary.
Album Since Last Wednesday by artist Highasakite is missing wiki summary.
Album Homeward Bound by artist Sabina Ddumba is missing wiki summary.
Album Not Too Young by artist Sabina Ddumba is missing wiki summary.
Album Effortless by artist Sabina Ddumba is missing wiki summary.
Album Scarred For Life by artist Sabina Ddumba is missing wiki summary.
Album Forgotten Ones by artist Sabina Ddumba is missing wiki summary.
Album Blood Bitch by artist Jenny Hval is missing wiki summary.
Album Innocence Is Kinky by artist Jenny Hval is missing wiki summary.
Album Apocalypse, Girl by artist Jenny Hval is missing wiki summary.
Album Spells by artist Jenny Hval is missing wiki summary.
Album Into The Woods by artist Of Monsters and Men is missing wiki summary.
Album Beneath the Skin by artist Of Monsters and Men is missing wiki summary.
Album Beneath The Skin (Deluxe) by artist Of Monsters and Men is missing wiki summary.
Album Final Song by artist MØ is missing wiki summary.
Album Kamikaze by artist MØ is missing wiki summary.
Album Nights With You by artist MØ is missing wiki summary.
Album Raw by artist Sigrid is missing wiki summary.
Album Strangers by artist Sigrid is missing wiki summary.
Album Relativity 2 by artist Lemaitre is missing wiki summary.
Album Relativity 3 by artist Lemaitre is missing wiki summary.
Album The Friendly Sound EP by artist Lemaitre is missing wiki summary.
Album Relativity 1 by artist Lemaitre is missing wiki summary.
Album Kitsuné Maison Compilation 12: The Good Fun Issue by artist Lemaitre is missing wiki summary.
Album Noen ganger og andre by artist Cezinando is missing wiki summary.
Album Et godt stup i et grunt vann by artist Cezinando is missing wiki summary.
Album Håper du har plass by artist Cezinando is missing wiki summary.
Album Barn av Europa by artist Cezinando is missing wiki summary.
Album Vi er perfekt men verden er ikke det by artist Cezinando is missing wiki summary.
Album Astrid S by artist Astrid S is missing wiki summary.
Album Leave It Beautiful (Complete) by artist Astrid S is missing wiki summary.
Album Party's Over by artist Astrid S is missing wiki summary.
Album Think Before I Talk by artist Astrid S is missing wiki summary.
Album Piano by artist Benny Andersson is missing wiki summary.
Album Mamma Mia! by artist Benny Andersson is missing wiki summary.
Album Mamma Mia by artist Benny Andersson is missing wiki summary.
Album Kristina Från Duvemåla by artist Benny Andersson is missing wiki summary.
Album Mamma Mia (1999 / Musical "Mamma Mia") by artist Benny Andersson is missing wiki summary.
Album Fallen Angel by artist TIX is missing wiki summary.
Album Sjeiken 2015 by artist TIX is missing wiki summary.
Album Dømt og Berømt by artist TIX is missing wiki summary.
Album Ut Av Mørket by artist TIX is missing wiki summary.
Album Kaller På Deg by artist TIX is missing wiki summary.
Album Lush Life by artist Zara Larsson is missing wiki summary.
Album Ruin My Life by artist Zara Larsson is missing wiki summary.
Album Never Forget You by artist Zara Larsson is missing wiki summary.
